================================================================================
        MFGH Solver Calculation Log
================================================================================
Calculation Time: 2026-01-09 11:35:16

--- Input & Derived Parameters ---
MU                            : 49902.0048124958
HBAR                          : 1.0
N_POINTS_FINAL (Internal)     : 1024
R_MIN_USER_DEFINED            : 2.0
R_MAX_USER_DEFINED            : 400.0
E_MAX (for mapping)           : 0.00022693392727697473
V_min                         : -0.0011346696426874296
De_approx                     : 0.0011346696416370036

--- Key Results ---
Approx. Dissociation Energy (De) : 0.001135
Total Number of Bound States     : 33

--- Full Eigenvalue Spectrum ---
Level (v)       Energy                    State Type
------------------------------------------------------------
0               -0.00109365               Bound
1               -0.00101483               Bound
2               -0.00094073               Bound
3               -0.00086931               Bound
4               -0.00080067               Bound
5               -0.00073489               Bound
6               -0.00067188               Bound
7               -0.00061160               Bound
8               -0.00055412               Bound
9               -0.00049947               Bound
10              -0.00044765               Bound
11              -0.00039867               Bound
12              -0.00035257               Bound
13              -0.00030940               Bound
14              -0.00026918               Bound
15              -0.00023192               Bound
16              -0.00019765               Bound
17              -0.00016639               Bound
18              -0.00013814               Bound
19              -0.00011286               Bound
20              -0.00009057               Bound
21              -0.00007119               Bound
22              -0.00005466               Bound
23              -0.00004087               Bound
24              -0.00002965               Bound
25              -0.00002081               Bound
26              -0.00001402               Bound
27              -0.00000887               Bound
28              -0.00000509               Bound
29              -0.00000252               Bound
30              -0.00000098               Bound
31              -0.00000024               Bound
32              -0.00000001               Bound
33              0.00000000                Unbound (Continuum)
34              0.00000000                Unbound (Continuum)
35              0.00000001                Unbound (Continuum)
36              0.00000002                Unbound (Continuum)
37              0.00000002                Unbound (Continuum)
38              0.00000003                Unbound (Continuum)
39              0.00000004                Unbound (Continuum)
40              0.00000006                Unbound (Continuum)
41              0.00000007                Unbound (Continuum)
42              0.00000009                Unbound (Continuum)
43              0.00000010                Unbound (Continuum)
44              0.00000013                Unbound (Continuum)
45              0.00000014                Unbound (Continuum)
46              0.00000017                Unbound (Continuum)
47              0.00000019                Unbound (Continuum)
48              0.00000022                Unbound (Continuum)
49              0.00000024                Unbound (Continuum)
50              0.00000028                Unbound (Continuum)
51              0.00000030                Unbound (Continuum)
52              0.00000034                Unbound (Continuum)
53              0.00000036                Unbound (Continuum)
54              0.00000041                Unbound (Continuum)
55              0.00000043                Unbound (Continuum)
56              0.00000048                Unbound (Continuum)
57              0.00000051                Unbound (Continuum)
58              0.00000056                Unbound (Continuum)
59              0.00000059                Unbound (Continuum)
60              0.00000065                Unbound (Continuum)
61              0.00000067                Unbound (Continuum)
62              0.00000074                Unbound (Continuum)
63              0.00000077                Unbound (Continuum)
64              0.00000084                Unbound (Continuum)
65              0.00000086                Unbound (Continuum)
66              0.00000094                Unbound (Continuum)
67              0.00000097                Unbound (Continuum)
68              0.00000105                Unbound (Continuum)
69              0.00000108                Unbound (Continuum)
70              0.00000116                Unbound (Continuum)
71              0.00000119                Unbound (Continuum)
72              0.00000128                Unbound (Continuum)
73              0.00000132                Unbound (Continuum)
74              0.00000141                Unbound (Continuum)
75              0.00000144                Unbound (Continuum)
76              0.00000154                Unbound (Continuum)
77              0.00000158                Unbound (Continuum)
78              0.00000168                Unbound (Continuum)
79              0.00000171                Unbound (Continuum)
80              0.00000182                Unbound (Continuum)
81              0.00000186                Unbound (Continuum)
82              0.00000197                Unbound (Continuum)
83              0.00000201                Unbound (Continuum)
84              0.00000213                Unbound (Continuum)
85              0.00000216                Unbound (Continuum)
86              0.00000229                Unbound (Continuum)
87              0.00000232                Unbound (Continuum)
88              0.00000245                Unbound (Continuum)
89              0.00000249                Unbound (Continuum)
90              0.00000262                Unbound (Continuum)
91              0.00000266                Unbound (Continuum)
92              0.00000280                Unbound (Continuum)
93              0.00000284                Unbound (Continuum)
94              0.00000298                Unbound (Continuum)
95              0.00000302                Unbound (Continuum)
96              0.00000317                Unbound (Continuum)
97              0.00000321                Unbound (Continuum)
98              0.00000336                Unbound (Continuum)
99              0.00000341                Unbound (Continuum)
100             0.00000356                Unbound (Continuum)
101             0.00000361                Unbound (Continuum)
102             0.00000377                Unbound (Continuum)
103             0.00000381                Unbound (Continuum)
104             0.00000398                Unbound (Continuum)
105             0.00000402                Unbound (Continuum)
106             0.00000420                Unbound (Continuum)
107             0.00000424                Unbound (Continuum)
108             0.00000442                Unbound (Continuum)
109             0.00000446                Unbound (Continuum)
110             0.00000465                Unbound (Continuum)
111             0.00000469                Unbound (Continuum)
112             0.00000488                Unbound (Continuum)
113             0.00000493                Unbound (Continuum)
114             0.00000512                Unbound (Continuum)
115             0.00000516                Unbound (Continuum)
116             0.00000536                Unbound (Continuum)
117             0.00000541                Unbound (Continuum)
118             0.00000561                Unbound (Continuum)
119             0.00000566                Unbound (Continuum)
120             0.00000587                Unbound (Continuum)
121             0.00000592                Unbound (Continuum)
122             0.00000613                Unbound (Continuum)
123             0.00000618                Unbound (Continuum)
124             0.00000639                Unbound (Continuum)
125             0.00000644                Unbound (Continuum)
126             0.00000666                Unbound (Continuum)
127             0.00000672                Unbound (Continuum)
128             0.00000694                Unbound (Continuum)
129             0.00000699                Unbound (Continuum)
130             0.00000722                Unbound (Continuum)
131             0.00000728                Unbound (Continuum)
132             0.00000751                Unbound (Continuum)
133             0.00000756                Unbound (Continuum)
134             0.00000780                Unbound (Continuum)
135             0.00000786                Unbound (Continuum)
136             0.00000810                Unbound (Continuum)
137             0.00000816                Unbound (Continuum)
138             0.00000841                Unbound (Continuum)
139             0.00000846                Unbound (Continuum)
140             0.00000872                Unbound (Continuum)
141             0.00000877                Unbound (Continuum)
142             0.00000903                Unbound (Continuum)
143             0.00000909                Unbound (Continuum)
144             0.00000935                Unbound (Continuum)
145             0.00000941                Unbound (Continuum)
146             0.00000968                Unbound (Continuum)
147             0.00000974                Unbound (Continuum)
148             0.00001001                Unbound (Continuum)
149             0.00001007                Unbound (Continuum)
150             0.00001035                Unbound (Continuum)
151             0.00001041                Unbound (Continuum)
152             0.00001069                Unbound (Continuum)
153             0.00001075                Unbound (Continuum)
154             0.00001104                Unbound (Continuum)
155             0.00001110                Unbound (Continuum)
156             0.00001139                Unbound (Continuum)
157             0.00001146                Unbound (Continuum)
158             0.00001175                Unbound (Continuum)
159             0.00001182                Unbound (Continuum)
160             0.00001212                Unbound (Continuum)
161             0.00001218                Unbound (Continuum)
162             0.00001249                Unbound (Continuum)
163             0.00001255                Unbound (Continuum)
164             0.00001286                Unbound (Continuum)
165             0.00001293                Unbound (Continuum)
166             0.00001324                Unbound (Continuum)
167             0.00001331                Unbound (Continuum)
168             0.00001363                Unbound (Continuum)
169             0.00001370                Unbound (Continuum)
170             0.00001402                Unbound (Continuum)
171             0.00001409                Unbound (Continuum)
172             0.00001442                Unbound (Continuum)
173             0.00001449                Unbound (Continuum)
174             0.00001482                Unbound (Continuum)
175             0.00001489                Unbound (Continuum)
176             0.00001523                Unbound (Continuum)
177             0.00001530                Unbound (Continuum)
178             0.00001564                Unbound (Continuum)
179             0.00001572                Unbound (Continuum)
180             0.00001606                Unbound (Continuum)
181             0.00001614                Unbound (Continuum)
182             0.00001649                Unbound (Continuum)
183             0.00001656                Unbound (Continuum)
184             0.00001692                Unbound (Continuum)
185             0.00001699                Unbound (Continuum)
186             0.00001735                Unbound (Continuum)
187             0.00001743                Unbound (Continuum)
188             0.00001779                Unbound (Continuum)
189             0.00001787                Unbound (Continuum)
190             0.00001824                Unbound (Continuum)
191             0.00001832                Unbound (Continuum)
192             0.00001869                Unbound (Continuum)
193             0.00001877                Unbound (Continuum)
194             0.00001915                Unbound (Continuum)
195             0.00001923                Unbound (Continuum)
196             0.00001961                Unbound (Continuum)
197             0.00001969                Unbound (Continuum)
198             0.00002008                Unbound (Continuum)
199             0.00002016                Unbound (Continuum)
200             0.00002055                Unbound (Continuum)
201             0.00002063                Unbound (Continuum)
202             0.00002103                Unbound (Continuum)
203             0.00002111                Unbound (Continuum)
204             0.00002151                Unbound (Continuum)
205             0.00002159                Unbound (Continuum)
206             0.00002200                Unbound (Continuum)
207             0.00002208                Unbound (Continuum)
208             0.00002250                Unbound (Continuum)
209             0.00002258                Unbound (Continuum)
210             0.00002300                Unbound (Continuum)
211             0.00002308                Unbound (Continuum)
212             0.00002350                Unbound (Continuum)
213             0.00002359                Unbound (Continuum)
214             0.00002401                Unbound (Continuum)
215             0.00002410                Unbound (Continuum)
216             0.00002453                Unbound (Continuum)
217             0.00002462                Unbound (Continuum)
218             0.00002505                Unbound (Continuum)
219             0.00002514                Unbound (Continuum)
220             0.00002558                Unbound (Continuum)
221             0.00002567                Unbound (Continuum)
222             0.00002611                Unbound (Continuum)
223             0.00002620                Unbound (Continuum)
224             0.00002665                Unbound (Continuum)
225             0.00002674                Unbound (Continuum)
226             0.00002719                Unbound (Continuum)
227             0.00002728                Unbound (Continuum)
228             0.00002774                Unbound (Continuum)
229             0.00002783                Unbound (Continuum)
230             0.00002829                Unbound (Continuum)
231             0.00002839                Unbound (Continuum)
232             0.00002885                Unbound (Continuum)
233             0.00002895                Unbound (Continuum)
234             0.00002941                Unbound (Continuum)
235             0.00002951                Unbound (Continuum)
236             0.00002998                Unbound (Continuum)
237             0.00003008                Unbound (Continuum)
238             0.00003056                Unbound (Continuum)
239             0.00003066                Unbound (Continuum)
240             0.00003114                Unbound (Continuum)
241             0.00003124                Unbound (Continuum)
242             0.00003173                Unbound (Continuum)
243             0.00003183                Unbound (Continuum)
244             0.00003232                Unbound (Continuum)
245             0.00003242                Unbound (Continuum)
246             0.00003291                Unbound (Continuum)
247             0.00003302                Unbound (Continuum)
248             0.00003351                Unbound (Continuum)
249             0.00003362                Unbound (Continuum)
250             0.00003412                Unbound (Continuum)
251             0.00003423                Unbound (Continuum)
252             0.00003473                Unbound (Continuum)
253             0.00003484                Unbound (Continuum)
254             0.00003535                Unbound (Continuum)
255             0.00003546                Unbound (Continuum)
256             0.00003598                Unbound (Continuum)
257             0.00003609                Unbound (Continuum)
258             0.00003660                Unbound (Continuum)
259             0.00003671                Unbound (Continuum)
260             0.00003724                Unbound (Continuum)
261             0.00003735                Unbound (Continuum)
262             0.00003788                Unbound (Continuum)
263             0.00003799                Unbound (Continuum)
264             0.00003852                Unbound (Continuum)
265             0.00003864                Unbound (Continuum)
266             0.00003917                Unbound (Continuum)
267             0.00003929                Unbound (Continuum)
268             0.00003983                Unbound (Continuum)
269             0.00003994                Unbound (Continuum)
270             0.00004049                Unbound (Continuum)
271             0.00004061                Unbound (Continuum)
272             0.00004116                Unbound (Continuum)
273             0.00004127                Unbound (Continuum)
274             0.00004183                Unbound (Continuum)
275             0.00004195                Unbound (Continuum)
276             0.00004250                Unbound (Continuum)
277             0.00004262                Unbound (Continuum)
278             0.00004319                Unbound (Continuum)
279             0.00004331                Unbound (Continuum)
280             0.00004387                Unbound (Continuum)
281             0.00004400                Unbound (Continuum)
282             0.00004457                Unbound (Continuum)
283             0.00004469                Unbound (Continuum)
284             0.00004526                Unbound (Continuum)
285             0.00004539                Unbound (Continuum)
286             0.00004597                Unbound (Continuum)
287             0.00004609                Unbound (Continuum)
288             0.00004668                Unbound (Continuum)
289             0.00004680                Unbound (Continuum)
290             0.00004739                Unbound (Continuum)
291             0.00004752                Unbound (Continuum)
292             0.00004811                Unbound (Continuum)
293             0.00004824                Unbound (Continuum)
294             0.00004883                Unbound (Continuum)
295             0.00004896                Unbound (Continuum)
296             0.00004956                Unbound (Continuum)
297             0.00004970                Unbound (Continuum)
298             0.00005030                Unbound (Continuum)
299             0.00005043                Unbound (Continuum)
300             0.00005104                Unbound (Continuum)
301             0.00005117                Unbound (Continuum)
302             0.00005179                Unbound (Continuum)
303             0.00005192                Unbound (Continuum)
304             0.00005254                Unbound (Continuum)
305             0.00005267                Unbound (Continuum)
306             0.00005329                Unbound (Continuum)
307             0.00005343                Unbound (Continuum)
308             0.00005406                Unbound (Continuum)
309             0.00005420                Unbound (Continuum)
310             0.00005482                Unbound (Continuum)
311             0.00005496                Unbound (Continuum)
312             0.00005560                Unbound (Continuum)
313             0.00005574                Unbound (Continuum)
314             0.00005637                Unbound (Continuum)
315             0.00005652                Unbound (Continuum)
316             0.00005716                Unbound (Continuum)
317             0.00005730                Unbound (Continuum)
318             0.00005795                Unbound (Continuum)
319             0.00005809                Unbound (Continuum)
320             0.00005874                Unbound (Continuum)
321             0.00005889                Unbound (Continuum)
322             0.00005954                Unbound (Continuum)
323             0.00005969                Unbound (Continuum)
324             0.00006034                Unbound (Continuum)
325             0.00006049                Unbound (Continuum)
326             0.00006115                Unbound (Continuum)
327             0.00006130                Unbound (Continuum)
328             0.00006197                Unbound (Continuum)
329             0.00006212                Unbound (Continuum)
330             0.00006279                Unbound (Continuum)
331             0.00006294                Unbound (Continuum)
332             0.00006361                Unbound (Continuum)
333             0.00006377                Unbound (Continuum)
334             0.00006445                Unbound (Continuum)
335             0.00006460                Unbound (Continuum)
336             0.00006528                Unbound (Continuum)
337             0.00006544                Unbound (Continuum)
338             0.00006612                Unbound (Continuum)
339             0.00006628                Unbound (Continuum)
340             0.00006697                Unbound (Continuum)
341             0.00006713                Unbound (Continuum)
342             0.00006782                Unbound (Continuum)
343             0.00006798                Unbound (Continuum)
344             0.00006868                Unbound (Continuum)
345             0.00006884                Unbound (Continuum)
346             0.00006954                Unbound (Continuum)
347             0.00006970                Unbound (Continuum)
348             0.00007041                Unbound (Continuum)
349             0.00007057                Unbound (Continuum)
350             0.00007129                Unbound (Continuum)
351             0.00007145                Unbound (Continuum)
352             0.00007216                Unbound (Continuum)
353             0.00007233                Unbound (Continuum)
354             0.00007305                Unbound (Continuum)
355             0.00007321                Unbound (Continuum)
356             0.00007394                Unbound (Continuum)
357             0.00007410                Unbound (Continuum)
358             0.00007483                Unbound (Continuum)
359             0.00007500                Unbound (Continuum)
360             0.00007573                Unbound (Continuum)
361             0.00007590                Unbound (Continuum)
362             0.00007664                Unbound (Continuum)
363             0.00007681                Unbound (Continuum)
364             0.00007755                Unbound (Continuum)
365             0.00007772                Unbound (Continuum)
366             0.00007846                Unbound (Continuum)
367             0.00007864                Unbound (Continuum)
368             0.00007938                Unbound (Continuum)
369             0.00007956                Unbound (Continuum)
370             0.00008031                Unbound (Continuum)
371             0.00008049                Unbound (Continuum)
372             0.00008124                Unbound (Continuum)
373             0.00008142                Unbound (Continuum)
374             0.00008218                Unbound (Continuum)
375             0.00008236                Unbound (Continuum)
376             0.00008312                Unbound (Continuum)
377             0.00008330                Unbound (Continuum)
378             0.00008407                Unbound (Continuum)
379             0.00008425                Unbound (Continuum)
380             0.00008502                Unbound (Continuum)
381             0.00008520                Unbound (Continuum)
382             0.00008598                Unbound (Continuum)
383             0.00008616                Unbound (Continuum)
384             0.00008694                Unbound (Continuum)
385             0.00008713                Unbound (Continuum)
386             0.00008791                Unbound (Continuum)
387             0.00008810                Unbound (Continuum)
388             0.00008889                Unbound (Continuum)
389             0.00008907                Unbound (Continuum)
390             0.00008987                Unbound (Continuum)
391             0.00009005                Unbound (Continuum)
392             0.00009085                Unbound (Continuum)
393             0.00009104                Unbound (Continuum)
394             0.00009184                Unbound (Continuum)
395             0.00009203                Unbound (Continuum)
396             0.00009284                Unbound (Continuum)
397             0.00009303                Unbound (Continuum)
398             0.00009384                Unbound (Continuum)
399             0.00009403                Unbound (Continuum)
400             0.00009484                Unbound (Continuum)
401             0.00009504                Unbound (Continuum)
402             0.00009585                Unbound (Continuum)
403             0.00009605                Unbound (Continuum)
404             0.00009687                Unbound (Continuum)
405             0.00009706                Unbound (Continuum)
406             0.00009789                Unbound (Continuum)
407             0.00009809                Unbound (Continuum)
408             0.00009892                Unbound (Continuum)
409             0.00009912                Unbound (Continuum)
410             0.00009995                Unbound (Continuum)
411             0.00010015                Unbound (Continuum)
412             0.00010099                Unbound (Continuum)
413             0.00010119                Unbound (Continuum)
414             0.00010203                Unbound (Continuum)
415             0.00010223                Unbound (Continuum)
416             0.00010308                Unbound (Continuum)
417             0.00010328                Unbound (Continuum)
418             0.00010413                Unbound (Continuum)
419             0.00010433                Unbound (Continuum)
420             0.00010519                Unbound (Continuum)
421             0.00010539                Unbound (Continuum)
422             0.00010625                Unbound (Continuum)
423             0.00010646                Unbound (Continuum)
424             0.00010732                Unbound (Continuum)
425             0.00010753                Unbound (Continuum)
426             0.00010840                Unbound (Continuum)
427             0.00010860                Unbound (Continuum)
428             0.00010948                Unbound (Continuum)
429             0.00010969                Unbound (Continuum)
430             0.00011056                Unbound (Continuum)
431             0.00011077                Unbound (Continuum)
432             0.00011165                Unbound (Continuum)
433             0.00011186                Unbound (Continuum)
434             0.00011275                Unbound (Continuum)
435             0.00011296                Unbound (Continuum)
436             0.00011385                Unbound (Continuum)
437             0.00011406                Unbound (Continuum)
438             0.00011495                Unbound (Continuum)
439             0.00011517                Unbound (Continuum)
440             0.00011606                Unbound (Continuum)
441             0.00011628                Unbound (Continuum)
442             0.00011718                Unbound (Continuum)
443             0.00011740                Unbound (Continuum)
444             0.00011830                Unbound (Continuum)
445             0.00011852                Unbound (Continuum)
446             0.00011943                Unbound (Continuum)
447             0.00011965                Unbound (Continuum)
448             0.00012056                Unbound (Continuum)
449             0.00012078                Unbound (Continuum)
450             0.00012170                Unbound (Continuum)
451             0.00012192                Unbound (Continuum)
452             0.00012284                Unbound (Continuum)
453             0.00012306                Unbound (Continuum)
454             0.00012399                Unbound (Continuum)
455             0.00012421                Unbound (Continuum)
456             0.00012514                Unbound (Continuum)
457             0.00012537                Unbound (Continuum)
458             0.00012630                Unbound (Continuum)
459             0.00012653                Unbound (Continuum)
460             0.00012746                Unbound (Continuum)
461             0.00012769                Unbound (Continuum)
462             0.00012863                Unbound (Continuum)
463             0.00012886                Unbound (Continuum)
464             0.00012981                Unbound (Continuum)
465             0.00013004                Unbound (Continuum)
466             0.00013099                Unbound (Continuum)
467             0.00013122                Unbound (Continuum)
468             0.00013217                Unbound (Continuum)
469             0.00013240                Unbound (Continuum)
470             0.00013336                Unbound (Continuum)
471             0.00013360                Unbound (Continuum)
472             0.00013456                Unbound (Continuum)
473             0.00013479                Unbound (Continuum)
474             0.00013576                Unbound (Continuum)
475             0.00013599                Unbound (Continuum)
476             0.00013696                Unbound (Continuum)
477             0.00013720                Unbound (Continuum)
478             0.00013817                Unbound (Continuum)
479             0.00013841                Unbound (Continuum)
480             0.00013939                Unbound (Continuum)
481             0.00013963                Unbound (Continuum)
482             0.00014061                Unbound (Continuum)
483             0.00014085                Unbound (Continuum)
484             0.00014184                Unbound (Continuum)
485             0.00014208                Unbound (Continuum)
486             0.00014307                Unbound (Continuum)
487             0.00014331                Unbound (Continuum)
488             0.00014431                Unbound (Continuum)
489             0.00014455                Unbound (Continuum)
490             0.00014555                Unbound (Continuum)
491             0.00014580                Unbound (Continuum)
492             0.00014680                Unbound (Continuum)
493             0.00014705                Unbound (Continuum)
494             0.00014805                Unbound (Continuum)
495             0.00014830                Unbound (Continuum)
496             0.00014931                Unbound (Continuum)
497             0.00014956                Unbound (Continuum)
498             0.00015057                Unbound (Continuum)
499             0.00015082                Unbound (Continuum)
500             0.00015184                Unbound (Continuum)
501             0.00015209                Unbound (Continuum)
502             0.00015312                Unbound (Continuum)
503             0.00015337                Unbound (Continuum)
504             0.00015440                Unbound (Continuum)
505             0.00015465                Unbound (Continuum)
506             0.00015568                Unbound (Continuum)
507             0.00015594                Unbound (Continuum)
508             0.00015697                Unbound (Continuum)
509             0.00015723                Unbound (Continuum)
510             0.00015827                Unbound (Continuum)
511             0.00015852                Unbound (Continuum)
512             0.00015957                Unbound (Continuum)
513             0.00015982                Unbound (Continuum)
514             0.00016087                Unbound (Continuum)
515             0.00016113                Unbound (Continuum)
516             0.00016218                Unbound (Continuum)
517             0.00016244                Unbound (Continuum)
518             0.00016350                Unbound (Continuum)
519             0.00016376                Unbound (Continuum)
520             0.00016482                Unbound (Continuum)
521             0.00016508                Unbound (Continuum)
522             0.00016615                Unbound (Continuum)
523             0.00016641                Unbound (Continuum)
524             0.00016748                Unbound (Continuum)
525             0.00016774                Unbound (Continuum)
526             0.00016881                Unbound (Continuum)
527             0.00016908                Unbound (Continuum)
528             0.00017016                Unbound (Continuum)
529             0.00017042                Unbound (Continuum)
530             0.00017150                Unbound (Continuum)
531             0.00017177                Unbound (Continuum)
532             0.00017286                Unbound (Continuum)
533             0.00017313                Unbound (Continuum)
534             0.00017422                Unbound (Continuum)
535             0.00017448                Unbound (Continuum)
536             0.00017558                Unbound (Continuum)
537             0.00017585                Unbound (Continuum)
538             0.00017695                Unbound (Continuum)
539             0.00017722                Unbound (Continuum)
540             0.00017832                Unbound (Continuum)
541             0.00017859                Unbound (Continuum)
542             0.00017970                Unbound (Continuum)
543             0.00017997                Unbound (Continuum)
544             0.00018108                Unbound (Continuum)
545             0.00018136                Unbound (Continuum)
546             0.00018247                Unbound (Continuum)
547             0.00018275                Unbound (Continuum)
548             0.00018387                Unbound (Continuum)
549             0.00018414                Unbound (Continuum)
550             0.00018527                Unbound (Continuum)
551             0.00018555                Unbound (Continuum)
552             0.00018667                Unbound (Continuum)
553             0.00018695                Unbound (Continuum)
554             0.00018808                Unbound (Continuum)
555             0.00018836                Unbound (Continuum)
556             0.00018950                Unbound (Continuum)
557             0.00018978                Unbound (Continuum)
558             0.00019092                Unbound (Continuum)
559             0.00019120                Unbound (Continuum)
560             0.00019235                Unbound (Continuum)
561             0.00019263                Unbound (Continuum)
562             0.00019378                Unbound (Continuum)
563             0.00019406                Unbound (Continuum)
564             0.00019521                Unbound (Continuum)
565             0.00019550                Unbound (Continuum)
566             0.00019665                Unbound (Continuum)
567             0.00019694                Unbound (Continuum)
568             0.00019810                Unbound (Continuum)
569             0.00019839                Unbound (Continuum)
570             0.00019955                Unbound (Continuum)
571             0.00019984                Unbound (Continuum)
572             0.00020101                Unbound (Continuum)
573             0.00020130                Unbound (Continuum)
574             0.00020247                Unbound (Continuum)
575             0.00020277                Unbound (Continuum)
576             0.00020394                Unbound (Continuum)
577             0.00020423                Unbound (Continuum)
578             0.00020541                Unbound (Continuum)
579             0.00020571                Unbound (Continuum)
580             0.00020689                Unbound (Continuum)
581             0.00020719                Unbound (Continuum)
582             0.00020838                Unbound (Continuum)
583             0.00020867                Unbound (Continuum)
584             0.00020987                Unbound (Continuum)
585             0.00021016                Unbound (Continuum)
586             0.00021136                Unbound (Continuum)
587             0.00021166                Unbound (Continuum)
588             0.00021286                Unbound (Continuum)
589             0.00021316                Unbound (Continuum)
590             0.00021436                Unbound (Continuum)
591             0.00021466                Unbound (Continuum)
592             0.00021587                Unbound (Continuum)
593             0.00021617                Unbound (Continuum)
594             0.00021739                Unbound (Continuum)
595             0.00021769                Unbound (Continuum)
596             0.00021891                Unbound (Continuum)
597             0.00021921                Unbound (Continuum)
598             0.00022043                Unbound (Continuum)
599             0.00022074                Unbound (Continuum)
600             0.00022196                Unbound (Continuum)
601             0.00022227                Unbound (Continuum)
602             0.00022350                Unbound (Continuum)
603             0.00022381                Unbound (Continuum)
604             0.00022504                Unbound (Continuum)
605             0.00022535                Unbound (Continuum)
606             0.00022659                Unbound (Continuum)
607             0.00022689                Unbound (Continuum)
608             0.00022814                Unbound (Continuum)
609             0.00022845                Unbound (Continuum)
610             0.00022970                Unbound (Continuum)
611             0.00023001                Unbound (Continuum)
612             0.00023126                Unbound (Continuum)
613             0.00023157                Unbound (Continuum)
614             0.00023282                Unbound (Continuum)
615             0.00023314                Unbound (Continuum)
616             0.00023440                Unbound (Continuum)
617             0.00023471                Unbound (Continuum)
618             0.00023597                Unbound (Continuum)
619             0.00023629                Unbound (Continuum)
620             0.00023756                Unbound (Continuum)
621             0.00023787                Unbound (Continuum)
622             0.00023914                Unbound (Continuum)
623             0.00023946                Unbound (Continuum)
624             0.00024074                Unbound (Continuum)
625             0.00024106                Unbound (Continuum)
626             0.00024234                Unbound (Continuum)
627             0.00024265                Unbound (Continuum)
628             0.00024394                Unbound (Continuum)
629             0.00024426                Unbound (Continuum)
630             0.00024555                Unbound (Continuum)
631             0.00024587                Unbound (Continuum)
632             0.00024716                Unbound (Continuum)
633             0.00024748                Unbound (Continuum)
634             0.00024878                Unbound (Continuum)
635             0.00024910                Unbound (Continuum)
636             0.00025041                Unbound (Continuum)
637             0.00025073                Unbound (Continuum)
638             0.00025204                Unbound (Continuum)
639             0.00025236                Unbound (Continuum)
640             0.00025367                Unbound (Continuum)
641             0.00025400                Unbound (Continuum)
642             0.00025531                Unbound (Continuum)
643             0.00025564                Unbound (Continuum)
644             0.00025696                Unbound (Continuum)
645             0.00025728                Unbound (Continuum)
646             0.00025861                Unbound (Continuum)
647             0.00025894                Unbound (Continuum)
648             0.00026026                Unbound (Continuum)
649             0.00026059                Unbound (Continuum)
650             0.00026192                Unbound (Continuum)
651             0.00026225                Unbound (Continuum)
652             0.00026359                Unbound (Continuum)
653             0.00026392                Unbound (Continuum)
654             0.00026526                Unbound (Continuum)
655             0.00026559                Unbound (Continuum)
656             0.00026694                Unbound (Continuum)
657             0.00026727                Unbound (Continuum)
658             0.00026862                Unbound (Continuum)
659             0.00026896                Unbound (Continuum)
660             0.00027031                Unbound (Continuum)
661             0.00027064                Unbound (Continuum)
662             0.00027200                Unbound (Continuum)
663             0.00027234                Unbound (Continuum)
664             0.00027370                Unbound (Continuum)
665             0.00027403                Unbound (Continuum)
666             0.00027540                Unbound (Continuum)
667             0.00027574                Unbound (Continuum)
668             0.00027711                Unbound (Continuum)
669             0.00027745                Unbound (Continuum)
670             0.00027882                Unbound (Continuum)
671             0.00027916                Unbound (Continuum)
672             0.00028054                Unbound (Continuum)
673             0.00028088                Unbound (Continuum)
674             0.00028226                Unbound (Continuum)
675             0.00028261                Unbound (Continuum)
676             0.00028399                Unbound (Continuum)
677             0.00028434                Unbound (Continuum)
678             0.00028573                Unbound (Continuum)
679             0.00028607                Unbound (Continuum)
680             0.00028747                Unbound (Continuum)
681             0.00028781                Unbound (Continuum)
682             0.00028921                Unbound (Continuum)
683             0.00028956                Unbound (Continuum)
684             0.00029096                Unbound (Continuum)
685             0.00029131                Unbound (Continuum)
686             0.00029271                Unbound (Continuum)
687             0.00029306                Unbound (Continuum)
688             0.00029447                Unbound (Continuum)
689             0.00029482                Unbound (Continuum)
690             0.00029624                Unbound (Continuum)
691             0.00029659                Unbound (Continuum)
692             0.00029801                Unbound (Continuum)
693             0.00029836                Unbound (Continuum)
694             0.00029979                Unbound (Continuum)
695             0.00030014                Unbound (Continuum)
696             0.00030157                Unbound (Continuum)
697             0.00030192                Unbound (Continuum)
698             0.00030335                Unbound (Continuum)
699             0.00030371                Unbound (Continuum)
700             0.00030514                Unbound (Continuum)
701             0.00030550                Unbound (Continuum)
702             0.00030694                Unbound (Continuum)
703             0.00030729                Unbound (Continuum)
704             0.00030874                Unbound (Continuum)
705             0.00030910                Unbound (Continuum)
706             0.00031055                Unbound (Continuum)
707             0.00031091                Unbound (Continuum)
708             0.00031236                Unbound (Continuum)
709             0.00031272                Unbound (Continuum)
710             0.00031418                Unbound (Continuum)
711             0.00031454                Unbound (Continuum)
712             0.00031600                Unbound (Continuum)
713             0.00031636                Unbound (Continuum)
714             0.00031783                Unbound (Continuum)
715             0.00031819                Unbound (Continuum)
716             0.00031966                Unbound (Continuum)
717             0.00032002                Unbound (Continuum)
718             0.00032150                Unbound (Continuum)
719             0.00032186                Unbound (Continuum)
720             0.00032334                Unbound (Continuum)
721             0.00032371                Unbound (Continuum)
722             0.00032519                Unbound (Continuum)
723             0.00032555                Unbound (Continuum)
724             0.00032704                Unbound (Continuum)
725             0.00032741                Unbound (Continuum)
726             0.00032890                Unbound (Continuum)
727             0.00032927                Unbound (Continuum)
728             0.00033077                Unbound (Continuum)
729             0.00033113                Unbound (Continuum)
730             0.00033263                Unbound (Continuum)
731             0.00033300                Unbound (Continuum)
732             0.00033451                Unbound (Continuum)
733             0.00033488                Unbound (Continuum)
734             0.00033639                Unbound (Continuum)
735             0.00033676                Unbound (Continuum)
736             0.00033827                Unbound (Continuum)
737             0.00033865                Unbound (Continuum)
738             0.00034016                Unbound (Continuum)
739             0.00034054                Unbound (Continuum)
740             0.00034206                Unbound (Continuum)
741             0.00034243                Unbound (Continuum)
742             0.00034396                Unbound (Continuum)
743             0.00034433                Unbound (Continuum)
744             0.00034586                Unbound (Continuum)
745             0.00034624                Unbound (Continuum)
746             0.00034777                Unbound (Continuum)
747             0.00034815                Unbound (Continuum)
748             0.00034969                Unbound (Continuum)
749             0.00035007                Unbound (Continuum)
750             0.00035161                Unbound (Continuum)
751             0.00035199                Unbound (Continuum)
752             0.00035354                Unbound (Continuum)
753             0.00035392                Unbound (Continuum)
754             0.00035547                Unbound (Continuum)
755             0.00035585                Unbound (Continuum)
756             0.00035741                Unbound (Continuum)
757             0.00035779                Unbound (Continuum)
758             0.00035935                Unbound (Continuum)
759             0.00035973                Unbound (Continuum)
760             0.00036129                Unbound (Continuum)
761             0.00036168                Unbound (Continuum)
762             0.00036325                Unbound (Continuum)
763             0.00036363                Unbound (Continuum)
764             0.00036520                Unbound (Continuum)
765             0.00036559                Unbound (Continuum)
766             0.00036717                Unbound (Continuum)
767             0.00036755                Unbound (Continuum)
768             0.00036913                Unbound (Continuum)
769             0.00036952                Unbound (Continuum)
770             0.00037111                Unbound (Continuum)
771             0.00037150                Unbound (Continuum)
772             0.00037309                Unbound (Continuum)
773             0.00037347                Unbound (Continuum)
774             0.00037507                Unbound (Continuum)
775             0.00037546                Unbound (Continuum)
776             0.00037706                Unbound (Continuum)
777             0.00037745                Unbound (Continuum)
778             0.00037905                Unbound (Continuum)
779             0.00037944                Unbound (Continuum)
780             0.00038105                Unbound (Continuum)
781             0.00038144                Unbound (Continuum)
782             0.00038305                Unbound (Continuum)
783             0.00038345                Unbound (Continuum)
784             0.00038506                Unbound (Continuum)
785             0.00038546                Unbound (Continuum)
786             0.00038708                Unbound (Continuum)
787             0.00038747                Unbound (Continuum)
788             0.00038910                Unbound (Continuum)
789             0.00038949                Unbound (Continuum)
790             0.00039112                Unbound (Continuum)
791             0.00039152                Unbound (Continuum)
792             0.00039315                Unbound (Continuum)
793             0.00039355                Unbound (Continuum)
794             0.00039519                Unbound (Continuum)
795             0.00039559                Unbound (Continuum)
796             0.00039723                Unbound (Continuum)
797             0.00039763                Unbound (Continuum)
798             0.00039927                Unbound (Continuum)
799             0.00039967                Unbound (Continuum)
800             0.00040132                Unbound (Continuum)
801             0.00040172                Unbound (Continuum)
802             0.00040338                Unbound (Continuum)
803             0.00040378                Unbound (Continuum)
804             0.00040544                Unbound (Continuum)
805             0.00040584                Unbound (Continuum)
806             0.00040750                Unbound (Continuum)
807             0.00040791                Unbound (Continuum)
808             0.00040958                Unbound (Continuum)
809             0.00040998                Unbound (Continuum)
810             0.00041165                Unbound (Continuum)
811             0.00041206                Unbound (Continuum)
812             0.00041373                Unbound (Continuum)
813             0.00041414                Unbound (Continuum)
814             0.00041582                Unbound (Continuum)
815             0.00041623                Unbound (Continuum)
816             0.00041791                Unbound (Continuum)
817             0.00041832                Unbound (Continuum)
818             0.00042001                Unbound (Continuum)
819             0.00042042                Unbound (Continuum)
820             0.00042211                Unbound (Continuum)
821             0.00042252                Unbound (Continuum)
822             0.00042422                Unbound (Continuum)
823             0.00042463                Unbound (Continuum)
824             0.00042633                Unbound (Continuum)
825             0.00042675                Unbound (Continuum)
826             0.00042845                Unbound (Continuum)
827             0.00042886                Unbound (Continuum)
828             0.00043057                Unbound (Continuum)
829             0.00043099                Unbound (Continuum)
830             0.00043270                Unbound (Continuum)
831             0.00043312                Unbound (Continuum)
832             0.00043483                Unbound (Continuum)
833             0.00043525                Unbound (Continuum)
834             0.00043697                Unbound (Continuum)
835             0.00043739                Unbound (Continuum)
836             0.00043912                Unbound (Continuum)
837             0.00043954                Unbound (Continuum)
838             0.00044126                Unbound (Continuum)
839             0.00044169                Unbound (Continuum)
840             0.00044342                Unbound (Continuum)
841             0.00044384                Unbound (Continuum)
842             0.00044558                Unbound (Continuum)
843             0.00044600                Unbound (Continuum)
844             0.00044774                Unbound (Continuum)
845             0.00044817                Unbound (Continuum)
846             0.00044991                Unbound (Continuum)
847             0.00045034                Unbound (Continuum)
848             0.00045208                Unbound (Continuum)
849             0.00045251                Unbound (Continuum)
850             0.00045426                Unbound (Continuum)
851             0.00045469                Unbound (Continuum)
852             0.00045645                Unbound (Continuum)
853             0.00045688                Unbound (Continuum)
854             0.00045864                Unbound (Continuum)
855             0.00045907                Unbound (Continuum)
856             0.00046083                Unbound (Continuum)
857             0.00046126                Unbound (Continuum)
858             0.00046303                Unbound (Continuum)
859             0.00046347                Unbound (Continuum)
860             0.00046524                Unbound (Continuum)
861             0.00046567                Unbound (Continuum)
862             0.00046745                Unbound (Continuum)
863             0.00046788                Unbound (Continuum)
864             0.00046966                Unbound (Continuum)
865             0.00047010                Unbound (Continuum)
866             0.00047189                Unbound (Continuum)
867             0.00047232                Unbound (Continuum)
868             0.00047411                Unbound (Continuum)
869             0.00047455                Unbound (Continuum)
870             0.00047634                Unbound (Continuum)
871             0.00047678                Unbound (Continuum)
872             0.00047858                Unbound (Continuum)
873             0.00047902                Unbound (Continuum)
874             0.00048082                Unbound (Continuum)
875             0.00048126                Unbound (Continuum)
876             0.00048307                Unbound (Continuum)
877             0.00048351                Unbound (Continuum)
878             0.00048532                Unbound (Continuum)
879             0.00048576                Unbound (Continuum)
880             0.00048757                Unbound (Continuum)
881             0.00048802                Unbound (Continuum)
882             0.00048984                Unbound (Continuum)
883             0.00049028                Unbound (Continuum)
884             0.00049210                Unbound (Continuum)
885             0.00049255                Unbound (Continuum)
886             0.00049437                Unbound (Continuum)
887             0.00049482                Unbound (Continuum)
888             0.00049665                Unbound (Continuum)
889             0.00049710                Unbound (Continuum)
890             0.00049893                Unbound (Continuum)
891             0.00049938                Unbound (Continuum)
892             0.00050122                Unbound (Continuum)
893             0.00050167                Unbound (Continuum)
894             0.00050351                Unbound (Continuum)
895             0.00050397                Unbound (Continuum)
896             0.00050581                Unbound (Continuum)
897             0.00050626                Unbound (Continuum)
898             0.00050811                Unbound (Continuum)
899             0.00050857                Unbound (Continuum)
900             0.00051042                Unbound (Continuum)
901             0.00051088                Unbound (Continuum)
902             0.00051274                Unbound (Continuum)
903             0.00051319                Unbound (Continuum)
904             0.00051505                Unbound (Continuum)
905             0.00051551                Unbound (Continuum)
906             0.00051738                Unbound (Continuum)
907             0.00051783                Unbound (Continuum)
908             0.00051970                Unbound (Continuum)
909             0.00052016                Unbound (Continuum)
910             0.00052204                Unbound (Continuum)
911             0.00052250                Unbound (Continuum)
912             0.00052438                Unbound (Continuum)
913             0.00052484                Unbound (Continuum)
914             0.00052672                Unbound (Continuum)
915             0.00052718                Unbound (Continuum)
916             0.00052907                Unbound (Continuum)
917             0.00052953                Unbound (Continuum)
918             0.00053142                Unbound (Continuum)
919             0.00053189                Unbound (Continuum)
920             0.00053378                Unbound (Continuum)
921             0.00053425                Unbound (Continuum)
922             0.00053614                Unbound (Continuum)
923             0.00053661                Unbound (Continuum)
924             0.00053851                Unbound (Continuum)
925             0.00053898                Unbound (Continuum)
926             0.00054089                Unbound (Continuum)
927             0.00054136                Unbound (Continuum)
928             0.00054326                Unbound (Continuum)
929             0.00054374                Unbound (Continuum)
930             0.00054565                Unbound (Continuum)
931             0.00054612                Unbound (Continuum)
932             0.00054804                Unbound (Continuum)
933             0.00054851                Unbound (Continuum)
934             0.00055043                Unbound (Continuum)
935             0.00055091                Unbound (Continuum)
936             0.00055283                Unbound (Continuum)
937             0.00055331                Unbound (Continuum)
938             0.00055523                Unbound (Continuum)
939             0.00055572                Unbound (Continuum)
940             0.00055764                Unbound (Continuum)
941             0.00055813                Unbound (Continuum)
942             0.00056006                Unbound (Continuum)
943             0.00056054                Unbound (Continuum)
944             0.00056248                Unbound (Continuum)
945             0.00056296                Unbound (Continuum)
946             0.00056490                Unbound (Continuum)
947             0.00056539                Unbound (Continuum)
948             0.00056733                Unbound (Continuum)
949             0.00056782                Unbound (Continuum)
950             0.00056976                Unbound (Continuum)
951             0.00057026                Unbound (Continuum)
952             0.00057220                Unbound (Continuum)
953             0.00057270                Unbound (Continuum)
954             0.00057465                Unbound (Continuum)
955             0.00057514                Unbound (Continuum)
956             0.00057710                Unbound (Continuum)
957             0.00057759                Unbound (Continuum)
958             0.00057955                Unbound (Continuum)
959             0.00058005                Unbound (Continuum)
960             0.00058201                Unbound (Continuum)
961             0.00058251                Unbound (Continuum)
962             0.00058447                Unbound (Continuum)
963             0.00058497                Unbound (Continuum)
964             0.00058694                Unbound (Continuum)
965             0.00058744                Unbound (Continuum)
966             0.00058941                Unbound (Continuum)
967             0.00058992                Unbound (Continuum)
968             0.00059189                Unbound (Continuum)
969             0.00059240                Unbound (Continuum)
970             0.00059437                Unbound (Continuum)
971             0.00059488                Unbound (Continuum)
972             0.00059686                Unbound (Continuum)
973             0.00059737                Unbound (Continuum)
974             0.00059936                Unbound (Continuum)
975             0.00059986                Unbound (Continuum)
976             0.00060185                Unbound (Continuum)
977             0.00060236                Unbound (Continuum)
978             0.00060436                Unbound (Continuum)
979             0.00060486                Unbound (Continuum)
980             0.00060687                Unbound (Continuum)
981             0.00060737                Unbound (Continuum)
982             0.00060938                Unbound (Continuum)
983             0.00060987                Unbound (Continuum)
984             0.00061190                Unbound (Continuum)
985             0.00061239                Unbound (Continuum)
986             0.00061443                Unbound (Continuum)
987             0.00061491                Unbound (Continuum)
988             0.00061697                Unbound (Continuum)
989             0.00061743                Unbound (Continuum)
990             0.00061951                Unbound (Continuum)
991             0.00061996                Unbound (Continuum)
992             0.00062206                Unbound (Continuum)
993             0.00062249                Unbound (Continuum)
994             0.00062462                Unbound (Continuum)
995             0.00062504                Unbound (Continuum)
996             0.00062719                Unbound (Continuum)
997             0.00062760                Unbound (Continuum)
998             0.00062978                Unbound (Continuum)
999             0.00063017                Unbound (Continuum)
1000            0.00063238                Unbound (Continuum)
1001            0.00063276                Unbound (Continuum)
1002            0.00063499                Unbound (Continuum)
1003            0.00063539                Unbound (Continuum)
1004            0.00063763                Unbound (Continuum)
1005            0.00063805                Unbound (Continuum)
1006            0.00064028                Unbound (Continuum)
1007            0.00064079                Unbound (Continuum)
1008            0.00064288                Unbound (Continuum)
1009            0.00064368                Unbound (Continuum)
1010            0.00064507                Unbound (Continuum)
1011            0.00065614                Unbound (Continuum)
1012            0.00070700                Unbound (Continuum)
1013            0.00073556                Unbound (Continuum)
1014            0.00082052                Unbound (Continuum)
1015            0.00085943                Unbound (Continuum)
1016            0.00098255                Unbound (Continuum)
1017            0.00102944                Unbound (Continuum)
1018            0.00120368                Unbound (Continuum)
1019            0.00125662                Unbound (Continuum)
1020            0.00150814                Unbound (Continuum)
1021            0.00156529                Unbound (Continuum)
1022            0.00195895                Unbound (Continuum)
1023            0.00201900                Unbound (Continuum)

================================================================================
                 End of Log
================================================================================
